<?xml version="1.0" encoding="UTF-8"?>
<!-- Generated by org.testng.reporters.JUnitXMLReporter -->
<testsuite hostname="DESKTOP-ETTBG7O" ignored="0" name="Test" tests="2" failures="0" timestamp="26 Sep 2019 14:11:08 GMT" time="3.002" errors="0">
  <testcase name="@BeforeMethod beforeMethod" time="2.706" classname="com.leafBot.testng.api.base.Annotations">
    <failure type="java.lang.NullPointerException">
      <![CDATA[java.lang.NullPointerException
at com.leafBot.selenium.api.base.SeleniumBase.takeSnap(SeleniumBase.java:467)
at utils.Reporter.reportStep(Reporter.java:47)
at utils.Reporter.reportStep(Reporter.java:63)
at com.leafBot.selenium.api.base.SeleniumBase.startApp(SeleniumBase.java:272)
at com.leafBot.testng.api.base.Annotations.beforeMethod(Annotations.java:22)
... Removed 28 stack frames]]>
    </failure>
  </testcase> <!-- @BeforeMethod beforeMethod -->
  <testcase name="@BeforeMethod beforeMethod" time="0.0" classname="com.leafBot.testng.api.base.Annotations">
    <skipped/>
  </testcase> <!-- @BeforeMethod beforeMethod -->
  <testcase name="runScenario" time="0.0" classname="cucumber.api.testng.AbstractTestNGCucumberTests">
    <skipped/>
  </testcase> <!-- runScenario -->
  <testcase name="runScenario" time="0.0" classname="cucumber.api.testng.AbstractTestNGCucumberTests">
    <skipped/>
  </testcase> <!-- runScenario -->
</testsuite> <!-- Test -->
