<?xml version="1.0" encoding="UTF-8"?>
<testng-results skipped="0" failed="0" ignored="0" total="2" passed="2">
  <reporter-output>
  </reporter-output>
  <suite name="Default suite" duration-ms="45895" started-at="2019-07-14T04:39:05Z" finished-at="2019-07-14T04:39:51Z">
    <groups>
      <group name="cucumber">
        <method signature="AbstractTestNGCucumberTests.runScenario(cucumber.api.testng.PickleEventWrapper, cucumber.api.testng.CucumberFeatureWrapper)[pri:0, instance:com.leafBot.testcases.CL@191a895]" name="runScenario" class="cucumber.api.testng.AbstractTestNGCucumberTests"/>
      </group> <!-- cucumber -->
    </groups>
    <test name="Default test" duration-ms="45895" started-at="2019-07-14T04:39:05Z" finished-at="2019-07-14T04:39:51Z">
      <class name="com.leafBot.testcases.CL">
        <test-method status="PASS" signature="startReport()[pri:0, instance:com.leafBot.testcases.CL@191a895]" name="startReport" is-config="true" duration-ms="562" started-at="2019-07-14T04:39:04Z" finished-at="2019-07-14T04:39:05Z">
          <reporter-output>
          </reporter-output>
        </test-method> <!-- startReport -->
        <test-method status="PASS" signature="setData()[pri:0, instance:com.leafBot.testcases.CL@191a895]" name="setData" is-config="true" duration-ms="0" started-at="2019-07-14T04:39:05Z" finished-at="2019-07-14T04:39:05Z">
          <reporter-output>
          </reporter-output>
        </test-method> <!-- setData -->
        <test-method status="PASS" signature="setUpClass()[pri:0, instance:com.leafBot.testcases.CL@191a895]" name="setUpClass" is-config="true" duration-ms="203" started-at="2019-07-14T04:39:05Z" finished-at="2019-07-14T04:39:05Z">
          <reporter-output>
          </reporter-output>
        </test-method> <!-- setUpClass -->
        <test-method status="PASS" signature="report()[pri:0, instance:com.leafBot.testcases.CL@191a895]" name="report" is-config="true" duration-ms="0" started-at="2019-07-14T04:39:05Z" finished-at="2019-07-14T04:39:05Z">
          <reporter-output>
          </reporter-output>
        </test-method> <!-- report -->
        <test-method status="PASS" signature="beforeMethod()[pri:0, instance:com.leafBot.testcases.CL@191a895]" name="beforeMethod" is-config="true" duration-ms="7788" started-at="2019-07-14T04:39:07Z" finished-at="2019-07-14T04:39:15Z">
          <reporter-output>
          </reporter-output>
        </test-method> <!-- beforeMethod -->
        <test-method status="PASS" signature="loginAndLogout(java.lang.String, java.lang.String)[pri:0, instance:com.leafBot.testcases.CL@191a895]" name="loginAndLogout" duration-ms="14785" started-at="2019-07-14T04:39:15Z" data-provider="fetchData" finished-at="2019-07-14T04:39:30Z">
          <params>
            <param index="0">
              <value>
                <![CDATA[DemoSalesManager]]>
              </value>
            </param>
            <param index="1">
              <value>
                <![CDATA[crmsfa]]>
              </value>
            </param>
          </params>
          <reporter-output>
          </reporter-output>
        </test-method> <!-- loginAndLogout -->
        <test-method status="PASS" signature="beforeMethod()[pri:0, instance:com.leafBot.testcases.CL@191a895]" name="beforeMethod" is-config="true" duration-ms="6296" started-at="2019-07-14T04:39:30Z" finished-at="2019-07-14T04:39:36Z">
          <reporter-output>
          </reporter-output>
        </test-method> <!-- beforeMethod -->
        <test-method status="PASS" signature="loginAndLogout(java.lang.String, java.lang.String)[pri:0, instance:com.leafBot.testcases.CL@191a895]" name="loginAndLogout" duration-ms="14802" started-at="2019-07-14T04:39:36Z" data-provider="fetchData" finished-at="2019-07-14T04:39:51Z">
          <params>
            <param index="0">
              <value>
                <![CDATA[DemoCSR]]>
              </value>
            </param>
            <param index="1">
              <value>
                <![CDATA[crmsfa]]>
              </value>
            </param>
          </params>
          <reporter-output>
          </reporter-output>
        </test-method> <!-- loginAndLogout -->
        <test-method status="PASS" signature="tearDownClass()[pri:0, instance:com.leafBot.testcases.CL@191a895]" name="tearDownClass" is-config="true" duration-ms="29" started-at="2019-07-14T04:39:51Z" finished-at="2019-07-14T04:39:51Z">
          <reporter-output>
          </reporter-output>
        </test-method> <!-- tearDownClass -->
        <test-method status="PASS" signature="stopReport()[pri:0, instance:com.leafBot.testcases.CL@191a895]" name="stopReport" is-config="true" duration-ms="1554" started-at="2019-07-14T04:39:52Z" finished-at="2019-07-14T04:39:53Z">
          <reporter-output>
          </reporter-output>
        </test-method> <!-- stopReport -->
      </class> <!-- com.leafBot.testcases.CL -->
    </test> <!-- Default test -->
  </suite> <!-- Default suite -->
</testng-results>
